{"C:\\Users\\Nasr\\Desktop\\melody-cam\\src\\components\\Channel.vue": {"path":"C:\\Users\\Nasr\\Desktop\\melody-cam\\src\\components\\Channel.vue","statementMap":{"0":{"start":{"line":34,"column":0},"end":{"line":34,"column":null}},"1":{"start":{"line":35,"column":0},"end":{"line":35,"column":null}},"2":{"start":{"line":36,"column":0},"end":{"line":36,"column":null}},"3":{"start":{"line":37,"column":0},"end":{"line":37,"column":null}},"4":{"start":{"line":46,"column":0},"end":{"line":46,"column":null}},"5":{"start":{"line":59,"column":0},"end":{"line":59,"column":null}}},"fnMap":{"0":{"name":"(anonymous_1)","decl":{"start":{"line":45,"column":0},"end":{"line":45,"column":null}},"loc":{"start":{"line":45,"column":0},"end":{"line":56,"column":null}}},"1":{"name":"(anonymous_2)","decl":{"start":{"line":58,"column":0},"end":{"line":58,"column":null}},"loc":{"start":{"line":58,"column":0},"end":{"line":60,"column":null}}}},"branchMap":{},"s":{"0":2,"1":2,"2":2,"3":2,"4":2,"5":1},"f":{"0":2,"1":1},"b":{}}
,"C:\\Users\\Nasr\\Desktop\\melody-cam\\src\\components\\Wrapper.vue": {"path":"C:\\Users\\Nasr\\Desktop\\melody-cam\\src\\components\\Wrapper.vue","statementMap":{"0":{"start":{"line":18,"column":0},"end":{"line":18,"column":null}}},"fnMap":{},"branchMap":{},"s":{"0":1},"f":{},"b":{}}
,"C:\\Users\\Nasr\\Desktop\\melody-cam\\src\\components\\channel-subs\\Messages.vue": {"path":"C:\\Users\\Nasr\\Desktop\\melody-cam\\src\\components\\channel-subs\\Messages.vue","statementMap":{"0":{"start":{"line":34,"column":0},"end":{"line":34,"column":null}}},"fnMap":{"0":{"name":"(anonymous_1)","decl":{"start":{"line":34,"column":0},"end":{"line":34,"column":null}},"loc":{"start":{"line":34,"column":0},"end":{"line":34,"column":null}}}},"branchMap":{},"s":{"0":1},"f":{"0":1},"b":{}}
,"C:\\Users\\Nasr\\Desktop\\melody-cam\\src\\components\\channel-subs\\Switches.vue": {"path":"C:\\Users\\Nasr\\Desktop\\melody-cam\\src\\components\\channel-subs\\Switches.vue","statementMap":{"0":{"start":{"line":30,"column":0},"end":{"line":30,"column":null}}},"fnMap":{"0":{"name":"(anonymous_1)","decl":{"start":{"line":30,"column":0},"end":{"line":30,"column":null}},"loc":{"start":{"line":30,"column":0},"end":{"line":30,"column":null}}}},"branchMap":{},"s":{"0":1},"f":{"0":1},"b":{}}
,"C:\\Users\\Nasr\\Desktop\\melody-cam\\src\\components\\nav\\Nav.vue": {"path":"C:\\Users\\Nasr\\Desktop\\melody-cam\\src\\components\\nav\\Nav.vue","statementMap":{"0":{"start":{"line":75,"column":0},"end":{"line":75,"column":null}}},"fnMap":{"0":{"name":"(anonymous_1)","decl":{"start":{"line":75,"column":0},"end":{"line":75,"column":null}},"loc":{"start":{"line":75,"column":0},"end":{"line":75,"column":null}}}},"branchMap":{},"s":{"0":1},"f":{"0":1},"b":{}}
,"C:\\Users\\Nasr\\Desktop\\melody-cam\\src\\components\\shared\\ButtonModal.vue": {"path":"C:\\Users\\Nasr\\Desktop\\melody-cam\\src\\components\\shared\\ButtonModal.vue","statementMap":{"0":{"start":{"line":91,"column":0},"end":{"line":91,"column":null}}},"fnMap":{"0":{"name":"(anonymous_1)","decl":{"start":{"line":91,"column":0},"end":{"line":91,"column":null}},"loc":{"start":{"line":91,"column":0},"end":{"line":91,"column":null}}}},"branchMap":{},"s":{"0":1},"f":{"0":1},"b":{}}
}
