TN:
SF:C:\Users\Nasr\Desktop\melody-cam\src\components\Channel.vue
FN:45,(anonymous_1)
FN:58,(anonymous_2)
FNF:2
FNH:2
FNDA:2,(anonymous_1)
FNDA:1,(anonymous_2)
DA:34,2
DA:35,2
DA:36,2
DA:37,2
DA:46,2
DA:59,1
LF:6
LH:6
BRF:0
BRH:0
end_of_record
TN:
SF:C:\Users\Nasr\Desktop\melody-cam\src\components\Wrapper.vue
FNF:0
FNH:0
DA:18,1
LF:1
LH:1
BRF:0
BRH:0
end_of_record
TN:
SF:C:\Users\Nasr\Desktop\melody-cam\src\components\channel-subs\Messages.vue
FN:34,(anonymous_1)
FNF:1
FNH:1
FNDA:1,(anonymous_1)
DA:34,1
LF:1
LH:1
BRF:0
BRH:0
end_of_record
TN:
SF:C:\Users\Nasr\Desktop\melody-cam\src\components\channel-subs\Switches.vue
FN:30,(anonymous_1)
FNF:1
FNH:1
FNDA:1,(anonymous_1)
DA:30,1
LF:1
LH:1
BRF:0
BRH:0
end_of_record
TN:
SF:C:\Users\Nasr\Desktop\melody-cam\src\components\nav\Nav.vue
FN:75,(anonymous_1)
FNF:1
FNH:1
FNDA:1,(anonymous_1)
DA:75,1
LF:1
LH:1
BRF:0
BRH:0
end_of_record
TN:
SF:C:\Users\Nasr\Desktop\melody-cam\src\components\shared\ButtonModal.vue
FN:91,(anonymous_1)
FNF:1
FNH:1
FNDA:1,(anonymous_1)
DA:91,1
LF:1
LH:1
BRF:0
BRH:0
end_of_record
